

=============================================================
Время: 2020-07-30 10:41:39.645404

Ошибка:
Command raised an exception: AttributeError: 'NoneType' object has no attribute 'append'
=============================================================

=============================================================
Время: 2020-07-30 10:42:45.682116

Ошибка:
You are on cooldown. Try again in 1734.11s
=============================================================

=============================================================
Время: 2020-07-30 10:42:55.052009

Ошибка:
Command raised an exception: AttributeError: 'NoneType' object has no attribute 'reset_cooldown'
=============================================================

=============================================================
Время: 2020-07-30 14:01:39.598701

Ошибка:
Command raised an exception: TurtleGraphicsError: bad color string: grey
=============================================================

=============================================================
Время: 2020-07-30 14:01:44.386732

Ошибка:
Command raised an exception: TurtleGraphicsError: bad color string: yellow
=============================================================

=============================================================
Время: 2020-07-30 17:34:14.700675

Ошибка:
Traceback (most recent call last):
  File "C:\Users\ProstoChelovek\AppData\Local\Programs\Python\Python38-32\lib\site-packages\discord\ext\commands\bot.py", line 596, in _load_from_module_spec
    spec.loader.exec_module(lib)
  File "<frozen importlib._bootstrap_external>", line 783, in exec_module
  File "<frozen importlib._bootstrap>", line 219, in _call_with_frames_removed
  File "E:\PyProg\ProstoTools\Cogs\moderate.py", line 32, in <module>
    class Moderate(commands.Cog, name = 'Moderate'):
  File "E:\PyProg\ProstoTools\Cogs\moderate.py", line 51, in Moderate
    @commands.check(self.check_role)
NameError: name 'self' is not defined

The above exception was the direct cause of the following exception:

Traceback (most recent call last):
  File "bot.py", line 60, in <module>
    client.load_extension(f'Cogs.{filename[:-3]}')
  File "C:\Users\ProstoChelovek\AppData\Local\Programs\Python\Python38-32\lib\site-packages\discord\ext\commands\bot.py", line 653, in load_extension
    self._load_from_module_spec(spec, name)
  File "C:\Users\ProstoChelovek\AppData\Local\Programs\Python\Python38-32\lib\site-packages\discord\ext\commands\bot.py", line 599, in _load_from_module_spec
    raise errors.ExtensionFailed(key, e) from e
discord.ext.commands.errors.ExtensionFailed: Extension 'Cogs.moderate' raised an error: NameError: name 'self' is not defined

=============================================================

=============================================================
Время: 2020-07-30 17:49:11.676060

Ошибка:
The check functions for command clear failed.
=============================================================

=============================================================
Время: 2020-07-30 17:49:23.280154

Ошибка:
The check functions for command clear failed.
=============================================================

=============================================================
Время: 2020-07-30 17:49:24.959533

Ошибка:
The check functions for command clear failed.
=============================================================

=============================================================
Время: 2020-07-30 17:49:42.595464

Ошибка:
The check functions for command clear failed.
=============================================================

=============================================================
Время: 2020-07-30 17:49:44.034915

Ошибка:
The check functions for command clear failed.
=============================================================

=============================================================
Время: 2020-07-30 17:53:14.542829

Ошибка:
role is a required argument that is missing.
=============================================================

=============================================================
Время: 2020-07-30 17:54:18.146483

Ошибка:
role is a required argument that is missing.
=============================================================

=============================================================
Время: 2020-07-30 17:55:54.567066

Ошибка:
The check functions for command clear failed.
=============================================================

=============================================================
Время: 2020-07-30 17:57:04.960920

Ошибка:
You are missing Administrator permission(s) to run this command.
=============================================================

=============================================================
Время: 2020-07-30 18:00:21.975097

Ошибка:
The check functions for command clear failed.
=============================================================

=============================================================
Время: 2020-07-30 18:03:08.849831

Ошибка:
The check functions for command clear failed.
=============================================================

=============================================================
Время: 2020-07-30 18:04:41.768576

Ошибка:
The check functions for command clear failed.
=============================================================

=============================================================
Время: 2020-07-30 18:04:57.739050

Ошибка:
The check functions for command clear failed.
=============================================================

=============================================================
Время: 2020-07-30 18:05:03.030590

Ошибка:
The check functions for command clear failed.
=============================================================

=============================================================
Время: 2020-07-30 18:05:06.164111

Ошибка:
The check functions for command clear failed.
=============================================================

=============================================================
Время: 2020-07-30 18:05:12.657856

Ошибка:
The check functions for command vmute failed.
=============================================================