

=============================================================
Время: 2020-07-29 14:13:51.158895

Ошибка:
Command "*Импорты:**" is not found
=============================================================

=============================================================
Время: 2020-07-29 21:38:16.082295

Ошибка:
Traceback (most recent call last):
  File "C:\Users\ProstoChelovek\AppData\Local\Programs\Python\Python38-32\lib\site-packages\discord\ext\commands\bot.py", line 596, in _load_from_module_spec
    spec.loader.exec_module(lib)
  File "<frozen importlib._bootstrap_external>", line 783, in exec_module
  File "<frozen importlib._bootstrap>", line 219, in _call_with_frames_removed
  File "E:\PyProg\ProstoTools(Original version)\Cogs\economy.py", line 42, in <module>
    class Economy(commands.Cog, name = 'Economy'):
  File "E:\PyProg\ProstoTools(Original version)\Cogs\economy.py", line 937, in Economy
    @comma.cooldown(1, 1800, commands.BucketType.member)
NameError: name 'comma' is not defined

The above exception was the direct cause of the following exception:

Traceback (most recent call last):
  File "bot.py", line 60, in <module>
    client.load_extension(f'Cogs.{filename[:-3]}')
  File "C:\Users\ProstoChelovek\AppData\Local\Programs\Python\Python38-32\lib\site-packages\discord\ext\commands\bot.py", line 653, in load_extension
    self._load_from_module_spec(spec, name)
  File "C:\Users\ProstoChelovek\AppData\Local\Programs\Python\Python38-32\lib\site-packages\discord\ext\commands\bot.py", line 599, in _load_from_module_spec
    raise errors.ExtensionFailed(key, e) from e
discord.ext.commands.errors.ExtensionFailed: Extension 'Cogs.economy' raised an error: NameError: name 'comma' is not defined

=============================================================

=============================================================
Время: 2020-07-29 21:43:17.232797

Ошибка:
Command "avatat" is not found
=============================================================

=============================================================
Время: 2020-07-29 21:52:09.929721

Ошибка:
You are on cooldown. Try again in 17996.16s
=============================================================

=============================================================
Время: 2020-07-29 21:52:16.107251

Ошибка:
You are on cooldown. Try again in 7193.76s
=============================================================